<?xml version="1.0" encoding="UTF-8"?>
<!-- Generated by org.testng.reporters.JUnitReportReporter -->
<testsuite hostname="DESKTOP-GQ613AB" failures="0" tests="2" name="testNG_framework_practice.Annotation" time="0.038" errors="0" timestamp="2025-10-21T15:42:05 EDT" skipped="0">
  <testcase classname="testNG_framework_practice.Annotation" name="title" time="0.035"/>
  <testcase classname="testNG_framework_practice.Annotation" name="logout" time="0.003"/>
</testsuite> <!-- testNG_framework_practice.Annotation -->
